-------------------------------------------------------------------------------
Test set: edu.ncsu.csc.itrust2.unit.ICDCodeTest
-------------------------------------------------------------------------------
Tests run: 2, Failures: 1, Errors: 0, Skipped: 0, Time elapsed: 0 s <<< FAILURE! - in edu.ncsu.csc.itrust2.unit.ICDCodeTest
testInvalidCodes(edu.ncsu.csc.itrust2.unit.ICDCodeTest)  Time elapsed: 0 s  <<< FAILURE!
java.lang.AssertionError
	at edu.ncsu.csc.itrust2.unit.ICDCodeTest.testInvalidCodes(ICDCodeTest.java:78)

