-------------------------------------------------------------------------------
Test set: edu.ncsu.csc.itrust2.apitest.APIGeneralCheckupTest
-------------------------------------------------------------------------------
Tests run: 4, Failures: 0, Errors: 1, Skipped: 0, Time elapsed: 0.767 s <<< FAILURE! - in edu.ncsu.csc.itrust2.apitest.APIGeneralCheckupTest
testGeneralCheckupAPI(edu.ncsu.csc.itrust2.apitest.APIGeneralCheckupTest)  Time elapsed: 0.465 s  <<< ERROR!
java.lang.IllegalArgumentException: LDL must be between 0 and 600 inclusive.
	at edu.ncsu.csc.itrust2.apitest.APIGeneralCheckupTest.testGeneralCheckupAPI(APIGeneralCheckupTest.java:256)

