-------------------------------------------------------------------------------
Test set: edu.ncsu.csc.itrust2.apitest.APIEmergencyRecordFormTest
-------------------------------------------------------------------------------
Tests run: 4, Failures: 0, Errors: 4, Skipped: 0, Time elapsed: 4.791 s <<< FAILURE! - in edu.ncsu.csc.itrust2.apitest.APIEmergencyRecordFormTest
testGetNonExistentPatientRecord(edu.ncsu.csc.itrust2.apitest.APIEmergencyRecordFormTest)  Time elapsed: 1.139 s  <<< ERROR!
java.lang.IllegalArgumentException: Diastolic must be a 3 digit positive number.
	at edu.ncsu.csc.itrust2.apitest.APIEmergencyRecordFormTest.setup(APIEmergencyRecordFormTest.java:59)

testEmergencyRecordFormHCPAPI(edu.ncsu.csc.itrust2.apitest.APIEmergencyRecordFormTest)  Time elapsed: 1.337 s  <<< ERROR!
java.lang.IllegalArgumentException: Diastolic must be a 3 digit positive number.
	at edu.ncsu.csc.itrust2.apitest.APIEmergencyRecordFormTest.setup(APIEmergencyRecordFormTest.java:59)

testEmergencyRecordFormERAPI(edu.ncsu.csc.itrust2.apitest.APIEmergencyRecordFormTest)  Time elapsed: 1.103 s  <<< ERROR!
java.lang.IllegalArgumentException: Diastolic must be a 3 digit positive number.
	at edu.ncsu.csc.itrust2.apitest.APIEmergencyRecordFormTest.setup(APIEmergencyRecordFormTest.java:59)

testEmergencyRecordForm(edu.ncsu.csc.itrust2.apitest.APIEmergencyRecordFormTest)  Time elapsed: 1.204 s  <<< ERROR!
java.lang.IllegalArgumentException: Diastolic must be a 3 digit positive number.
	at edu.ncsu.csc.itrust2.apitest.APIEmergencyRecordFormTest.setup(APIEmergencyRecordFormTest.java:59)

