-------------------------------------------------------------------------------
Test set: edu.ncsu.csc.itrust2.apitest.APIFoodDiaryTest
-------------------------------------------------------------------------------
Tests run: 3, Failures: 1, Errors: 0, Skipped: 0, Time elapsed: 0.475 s <<< FAILURE! - in edu.ncsu.csc.itrust2.apitest.APIFoodDiaryTest
testFoodDiaryAPIInvalidEntry(edu.ncsu.csc.itrust2.apitest.APIFoodDiaryTest)  Time elapsed: 0.135 s  <<< FAILURE!
java.lang.AssertionError: Status expected:<400> but was:<200>
	at edu.ncsu.csc.itrust2.apitest.APIFoodDiaryTest.testFoodDiaryAPIInvalidEntry(APIFoodDiaryTest.java:115)

