-------------------------------------------------------------------------------
Test set: edu.ncsu.csc.itrust2.unit.FoodDiaryEntryTest
-------------------------------------------------------------------------------
Tests run: 3, Failures: 1, Errors: 0, Skipped: 0, Time elapsed: 0.05 s <<< FAILURE! - in edu.ncsu.csc.itrust2.unit.FoodDiaryEntryTest
testDiaryEntryInvalid(edu.ncsu.csc.itrust2.unit.FoodDiaryEntryTest)  Time elapsed: 0.001 s  <<< FAILURE!
java.lang.AssertionError
	at edu.ncsu.csc.itrust2.unit.FoodDiaryEntryTest.testDiaryEntryInvalid(FoodDiaryEntryTest.java:118)

