-------------------------------------------------------------------------------
Test set: edu.ncsu.csc.itrust2.unit.PasswordChangeTest
-------------------------------------------------------------------------------
Tests run: 2, Failures: 1, Errors: 0, Skipped: 0, Time elapsed: 1.991 s <<< FAILURE! - in edu.ncsu.csc.itrust2.unit.PasswordChangeTest
testPasswordReset(edu.ncsu.csc.itrust2.unit.PasswordChangeTest)  Time elapsed: 1.429 s  <<< FAILURE!
java.lang.AssertionError
	at edu.ncsu.csc.itrust2.unit.PasswordChangeTest.testPasswordReset(PasswordChangeTest.java:144)

